<?xml version="1.0" encoding="UTF-8"?>
<!-- Generated by org.testng.reporters.JUnitReportReporter -->
<testsuite hostname="6BBWN93" failures="0" tests="8" name="runner.ParallelRun" time="496.811" errors="0" timestamp="2022-08-03T20:35:49 IST" skipped="0">
  <testcase classname="runner.ParallelRun" name="runScenario" time="39.898"/>
  <system-out/>
  <testcase classname="runner.ParallelRun" name="runScenario" time="41.438"/>
  <system-out/>
  <testcase classname="runner.ParallelRun" name="runScenario" time="48.556"/>
  <system-out/>
  <testcase classname="runner.ParallelRun" name="runScenario" time="40.357"/>
  <system-out/>
  <testcase classname="runner.ParallelRun" name="runScenario" time="48.852"/>
  <system-out/>
  <testcase classname="runner.ParallelRun" name="runScenario" time="34.106"/>
  <system-out/>
  <testcase classname="runner.ParallelRun" name="runScenario" time="38.230"/>
  <system-out/>
  <testcase classname="runner.ParallelRun" name="runScenario" time="205.374"/>
  <system-out/>
</testsuite> <!-- runner.ParallelRun -->
